# JRE version: Java(TM) SE Runtime Environment 18.9 (11.0.8+10) (build 11.0.8+10-LTS)
# Java VM: Java HotSpot(TM) 64-Bit Server VM 18.9 (11.0.8+10-LTS, mixed mode, tiered, compressed oops, parallel gc, windows-amd64)
Heap:
 PSYoungGen      total 4096K, used 2016K [0x00000000eab00000, 0x00000000eb180000, 0x0000000100000000)
  eden space 2048K, 0% used [0x00000000eab00000,0x00000000eab00000,0x00000000ead00000)
  from space 2048K, 98% used [0x00000000eaf80000,0x00000000eb178000,0x00000000eb180000)
  to   space 2048K, 0% used [0x00000000ead00000,0x00000000ead00000,0x00000000eaf00000)
 ParOldGen       total 93696K, used 93112K [0x00000000c0000000, 0x00000000c5b80000, 0x00000000eab00000)
  object space 93696K, 99% used [0x00000000c0000000,0x00000000c5aee0b8,0x00000000c5b80000)
 Metaspace       used 71938K, capacity 75043K, committed 75136K, reserved 1116160K
  class space    used 6824K, capacity 8006K, committed 8064K, reserved 1048576K
GC Heap History (10 events):
Event: 32047.174 GC heap after
{Heap after GC invocations=461 (full 12):
 PSYoungGen      total 3584K, used 32K [0x00000000eab00000, 0x00000000eaf80000, 0x0000000100000000)
  eden space 3072K, 0% used [0x00000000eab00000,0x00000000eab00000,0x00000000eae00000)
  from space 512K, 6% used [0x00000000eaf00000,0x00000000eaf08000,0x00000000eaf80000)
  to   space 512K, 0% used [0x00000000eae80000,0x00000000eae80000,0x00000000eaf00000)
 ParOldGen       total 90112K, used 89408K [0x00000000c0000000, 0x00000000c5800000, 0x00000000eab00000)
  object space 90112K, 99% used [0x00000000c0000000,0x00000000c57503a8,0x00000000c5800000)
 Metaspace       used 71933K, capacity 74915K, committed 75136K, reserved 1116160K
  class space    used 6824K, capacity 8006K, committed 8064K, reserved 1048576K
}
Event: 37777.134 GC heap before
{Heap before GC invocations=462 (full 12):
 PSYoungGen      total 3584K, used 3104K [0x00000000eab00000, 0x00000000eaf80000, 0x0000000100000000)
  eden space 3072K, 100% used [0x00000000eab00000,0x00000000eae00000,0x00000000eae00000)
  from space 512K, 6% used [0x00000000eaf00000,0x00000000eaf08000,0x00000000eaf80000)
  to   space 512K, 0% used [0x00000000eae80000,0x00000000eae80000,0x00000000eaf00000)
 ParOldGen       total 90112K, used 89408K [0x00000000c0000000, 0x00000000c5800000, 0x00000000eab00000)
  object space 90112K, 99% used [0x00000000c0000000,0x00000000c57503a8,0x00000000c5800000)
 Metaspace       used 71933K, capacity 74915K, committed 75136K, reserved 1116160K
  class space    used 6824K, capacity 8006K, committed 8064K, reserved 1048576K
}
Event: 37777.137 GC heap after
{Heap after GC invocations=462 (full 12):
 PSYoungGen      total 3584K, used 96K [0x00000000eab00000, 0x00000000eaf80000, 0x0000000100000000)
  eden space 3072K, 0% used [0x00000000eab00000,0x00000000eab00000,0x00000000eae00000)
  from space 512K, 18% used [0x00000000eae80000,0x00000000eae98000,0x00000000eaf00000)
  to   space 512K, 0% used [0x00000000eaf00000,0x00000000eaf00000,0x00000000eaf80000)
 ParOldGen       total 90112K, used 89424K [0x00000000c0000000, 0x00000000c5800000, 0x00000000eab00000)
  object space 90112K, 99% used [0x00000000c0000000,0x00000000c57543a8,0x00000000c5800000)
 Metaspace       used 71933K, capacity 74915K, committed 75136K, reserved 1116160K
  class space    used 6824K, capacity 8006K, committed 8064K, reserved 1048576K
}
Event: 37906.128 GC heap before
{Heap before GC invocations=463 (full 12):
 PSYoungGen      total 3584K, used 3168K [0x00000000eab00000, 0x00000000eaf80000, 0x0000000100000000)
  eden space 3072K, 100% used [0x00000000eab00000,0x00000000eae00000,0x00000000eae00000)
  from space 512K, 18% used [0x00000000eae80000,0x00000000eae98000,0x00000000eaf00000)
  to   space 512K, 0% used [0x00000000eaf00000,0x00000000eaf00000,0x00000000eaf80000)
 ParOldGen       total 90112K, used 89424K [0x00000000c0000000, 0x00000000c5800000, 0x00000000eab00000)
  object space 90112K, 99% used [0x00000000c0000000,0x00000000c57543a8,0x00000000c5800000)
 Metaspace       used 71936K, capacity 75043K, committed 75136K, reserved 1116160K
  class space    used 6824K, capacity 8006K, committed 8064K, reserved 1048576K
}
Event: 37906.132 GC heap after
{Heap after GC invocations=463 (full 12):
 PSYoungGen      total 2560K, used 506K [0x00000000eab00000, 0x00000000eb200000, 0x0000000100000000)
  eden space 2048K, 0% used [0x00000000eab00000,0x00000000eab00000,0x00000000ead00000)
  from space 512K, 98% used [0x00000000eaf00000,0x00000000eaf7e910,0x00000000eaf80000)
  to   space 2048K, 0% used [0x00000000ead00000,0x00000000ead00000,0x00000000eaf00000)
 ParOldGen       total 93696K, used 90595K [0x00000000c0000000, 0x00000000c5b80000, 0x00000000eab00000)
  object space 93696K, 96% used [0x00000000c0000000,0x00000000c5878d88,0x00000000c5b80000)
 Metaspace       used 71936K, capacity 75043K, committed 75136K, reserved 1116160K
  class space    used 6824K, capacity 8006K, committed 8064K, reserved 1048576K
}
Event: 37906.348 GC heap before
{Heap before GC invocations=464 (full 12):
 PSYoungGen      total 2560K, used 2554K [0x00000000eab00000, 0x00000000eb200000, 0x0000000100000000)
  eden space 2048K, 100% used [0x00000000eab00000,0x00000000ead00000,0x00000000ead00000)
  from space 512K, 98% used [0x00000000eaf00000,0x00000000eaf7e910,0x00000000eaf80000)
  to   space 2048K, 0% used [0x00000000ead00000,0x00000000ead00000,0x00000000eaf00000)
 ParOldGen       total 93696K, used 90595K [0x00000000c0000000, 0x00000000c5b80000, 0x00000000eab00000)
  object space 93696K, 96% used [0x00000000c0000000,0x00000000c5878d88,0x00000000c5b80000)
 Metaspace       used 71938K, capacity 75043K, committed 75136K, reserved 1116160K
  class space    used 6824K, capacity 8006K, committed 8064K, reserved 1048576K
}
Event: 37906.351 GC heap after
{Heap after GC invocations=464 (full 12):
 PSYoungGen      total 4096K, used 1984K [0x00000000eab00000, 0x00000000eb200000, 0x0000000100000000)
  eden space 2048K, 0% used [0x00000000eab00000,0x00000000eab00000,0x00000000ead00000)
  from space 2048K, 96% used [0x00000000ead00000,0x00000000eaef0000,0x00000000eaf00000)
  to   space 2560K, 0% used [0x00000000eaf80000,0x00000000eaf80000,0x00000000eb200000)
 ParOldGen       total 93696K, used 91132K [0x00000000c0000000, 0x00000000c5b80000, 0x00000000eab00000)
  object space 93696K, 97% used [0x00000000c0000000,0x00000000c58ff100,0x00000000c5b80000)
 Metaspace       used 71938K, capacity 75043K, committed 75136K, reserved 1116160K
  class space    used 6824K, capacity 8006K, committed 8064K, reserved 1048576K
}
Event: 37906.638 GC heap before
{Heap before GC invocations=465 (full 12):
 PSYoungGen      total 4096K, used 4032K [0x00000000eab00000, 0x00000000eb200000, 0x0000000100000000)
  eden space 2048K, 100% used [0x00000000eab00000,0x00000000ead00000,0x00000000ead00000)
  from space 2048K, 96% used [0x00000000ead00000,0x00000000eaef0000,0x00000000eaf00000)
  to   space 2560K, 0% used [0x00000000eaf80000,0x00000000eaf80000,0x00000000eb200000)
 ParOldGen       total 93696K, used 91132K [0x00000000c0000000, 0x00000000c5b80000, 0x00000000eab00000)
  object space 93696K, 97% used [0x00000000c0000000,0x00000000c58ff100,0x00000000c5b80000)
 Metaspace       used 71938K, capacity 75043K, committed 75136K, reserved 1116160K
  class space    used 6824K, capacity 8006K, committed 8064K, reserved 1048576K
}
Event: 37906.642 GC heap after
{Heap after GC invocations=465 (full 12):
 PSYoungGen      total 4096K, used 2016K [0x00000000eab00000, 0x00000000eb180000, 0x0000000100000000)
  eden space 2048K, 0% used [0x00000000eab00000,0x00000000eab00000,0x00000000ead00000)
  from space 2048K, 98% used [0x00000000eaf80000,0x00000000eb178000,0x00000000eb180000)
  to   space 2048K, 0% used [0x00000000ead00000,0x00000000ead00000,0x00000000eaf00000)
 ParOldGen       total 93696K, used 93112K [0x00000000c0000000, 0x00000000c5b80000, 0x00000000eab00000)
  object space 93696K, 99% used [0x00000000c0000000,0x00000000c5aee0b8,0x00000000c5b80000)
 Metaspace       used 71938K, capacity 75043K, committed 75136K, reserved 1116160K
  class space    used 6824K, capacity 8006K, committed 8064K, reserved 1048576K
}
Event: 37906.642 GC heap before
{Heap before GC invocations=466 (full 13):
 PSYoungGen      total 4096K, used 2016K [0x00000000eab00000, 0x00000000eb180000, 0x0000000100000000)
  eden space 2048K, 0% used [0x00000000eab00000,0x00000000eab00000,0x00000000ead00000)
  from space 2048K, 98% used [0x00000000eaf80000,0x00000000eb178000,0x00000000eb180000)
  to   space 2048K, 0% used [0x00000000ead00000,0x00000000ead00000,0x00000000eaf00000)
 ParOldGen       total 93696K, used 93112K [0x00000000c0000000, 0x00000000c5b80000, 0x00000000eab00000)
  object space 93696K, 99% used [0x00000000c0000000,0x00000000c5aee0b8,0x00000000c5b80000)
 Metaspace       used 71938K, capacity 75043K, committed 75136K, reserved 1116160K
  class space    used 6824K, capacity 8006K, committed 8064K, reserved 1048576K
}

