# JRE version: Java(TM) SE Runtime Environment 18.9 (11.0.8+10) (build 11.0.8+10-LTS)
# Java VM: Java HotSpot(TM) 64-Bit Server VM 18.9 (11.0.8+10-LTS, mixed mode, tiered, compressed oops, parallel gc, windows-amd64)
Heap:
 PSYoungGen      total 28160K, used 8727K [0x00000000eab00000, 0x00000000ed580000, 0x0000000100000000)
  eden space 18944K, 0% used [0x00000000eab00000,0x00000000eab00000,0x00000000ebd80000)
  from space 9216K, 94% used [0x00000000ecc80000,0x00000000ed505c90,0x00000000ed580000)
  to   space 10752K, 0% used [0x00000000ec080000,0x00000000ec080000,0x00000000ecb00000)
 ParOldGen       total 204800K, used 203716K [0x00000000c0000000, 0x00000000cc800000, 0x00000000eab00000)
  object space 204800K, 99% used [0x00000000c0000000,0x00000000cc6f1320,0x00000000cc800000)
 Metaspace       used 89417K, capacity 93460K, committed 93568K, reserved 1132544K
  class space    used 8150K, capacity 9503K, committed 9600K, reserved 1048576K
GC Heap History (10 events):
Event: 5551.547 GC heap after
{Heap after GC invocations=3283 (full 89):
 PSYoungGen      total 22528K, used 1668K [0x00000000eab00000, 0x00000000ecc00000, 0x0000000100000000)
  eden space 20480K, 0% used [0x00000000eab00000,0x00000000eab00000,0x00000000ebf00000)
  from space 2048K, 81% used [0x00000000eca00000,0x00000000ecba1210,0x00000000ecc00000)
  to   space 4608K, 0% used [0x00000000ec300000,0x00000000ec300000,0x00000000ec780000)
 ParOldGen       total 204800K, used 183285K [0x00000000c0000000, 0x00000000cc800000, 0x00000000eab00000)
  object space 204800K, 89% used [0x00000000c0000000,0x00000000cb2fd6e8,0x00000000cc800000)
 Metaspace       used 89375K, capacity 93396K, committed 93568K, reserved 1132544K
  class space    used 8150K, capacity 9503K, committed 9600K, reserved 1048576K
}
Event: 5670.830 GC heap before
{Heap before GC invocations=3284 (full 89):
 PSYoungGen      total 22528K, used 21980K [0x00000000eab00000, 0x00000000ecc00000, 0x0000000100000000)
  eden space 20480K, 99% used [0x00000000eab00000,0x00000000ebed61c0,0x00000000ebf00000)
  from space 2048K, 81% used [0x00000000eca00000,0x00000000ecba1210,0x00000000ecc00000)
  to   space 4608K, 0% used [0x00000000ec300000,0x00000000ec300000,0x00000000ec780000)
 ParOldGen       total 204800K, used 183285K [0x00000000c0000000, 0x00000000cc800000, 0x00000000eab00000)
  object space 204800K, 89% used [0x00000000c0000000,0x00000000cb2fd6e8,0x00000000cc800000)
 Metaspace       used 89375K, capacity 93396K, committed 93568K, reserved 1132544K
  class space    used 8150K, capacity 9503K, committed 9600K, reserved 1048576K
}
Event: 5670.835 GC heap after
{Heap after GC invocations=3284 (full 89):
 PSYoungGen      total 25088K, used 1690K [0x00000000eab00000, 0x00000000eca80000, 0x0000000100000000)
  eden space 20480K, 0% used [0x00000000eab00000,0x00000000eab00000,0x00000000ebf00000)
  from space 4608K, 36% used [0x00000000ec300000,0x00000000ec4a6900,0x00000000ec780000)
  to   space 2560K, 0% used [0x00000000ec800000,0x00000000ec800000,0x00000000eca80000)
 ParOldGen       total 204800K, used 183285K [0x00000000c0000000, 0x00000000cc800000, 0x00000000eab00000)
  object space 204800K, 89% used [0x00000000c0000000,0x00000000cb2fd6e8,0x00000000cc800000)
 Metaspace       used 89375K, capacity 93396K, committed 93568K, reserved 1132544K
  class space    used 8150K, capacity 9503K, committed 9600K, reserved 1048576K
}
Event: 5671.039 GC heap before
{Heap before GC invocations=3285 (full 89):
 PSYoungGen      total 25088K, used 22170K [0x00000000eab00000, 0x00000000eca80000, 0x0000000100000000)
  eden space 20480K, 100% used [0x00000000eab00000,0x00000000ebf00000,0x00000000ebf00000)
  from space 4608K, 36% used [0x00000000ec300000,0x00000000ec4a6900,0x00000000ec780000)
  to   space 2560K, 0% used [0x00000000ec800000,0x00000000ec800000,0x00000000eca80000)
 ParOldGen       total 204800K, used 183285K [0x00000000c0000000, 0x00000000cc800000, 0x00000000eab00000)
  object space 204800K, 89% used [0x00000000c0000000,0x00000000cb2fd6e8,0x00000000cc800000)
 Metaspace       used 89379K, capacity 93396K, committed 93568K, reserved 1132544K
  class space    used 8150K, capacity 9503K, committed 9600K, reserved 1048576K
}
Event: 5671.049 GC heap after
{Heap after GC invocations=3285 (full 89):
 PSYoungGen      total 21504K, used 2549K [0x00000000eab00000, 0x00000000ed400000, 0x0000000100000000)
  eden space 18944K, 0% used [0x00000000eab00000,0x00000000eab00000,0x00000000ebd80000)
  from space 2560K, 99% used [0x00000000ec800000,0x00000000eca7d490,0x00000000eca80000)
  to   space 10752K, 0% used [0x00000000ebd80000,0x00000000ebd80000,0x00000000ec800000)
 ParOldGen       total 204800K, used 190054K [0x00000000c0000000, 0x00000000cc800000, 0x00000000eab00000)
  object space 204800K, 92% used [0x00000000c0000000,0x00000000cb9998a0,0x00000000cc800000)
 Metaspace       used 89379K, capacity 93396K, committed 93568K, reserved 1132544K
  class space    used 8150K, capacity 9503K, committed 9600K, reserved 1048576K
}
Event: 5671.332 GC heap before
{Heap before GC invocations=3286 (full 89):
 PSYoungGen      total 21504K, used 21493K [0x00000000eab00000, 0x00000000ed400000, 0x0000000100000000)
  eden space 18944K, 100% used [0x00000000eab00000,0x00000000ebd80000,0x00000000ebd80000)
  from space 2560K, 99% used [0x00000000ec800000,0x00000000eca7d490,0x00000000eca80000)
  to   space 10752K, 0% used [0x00000000ebd80000,0x00000000ebd80000,0x00000000ec800000)
 ParOldGen       total 204800K, used 190054K [0x00000000c0000000, 0x00000000cc800000, 0x00000000eab00000)
  object space 204800K, 92% used [0x00000000c0000000,0x00000000cb9998a0,0x00000000cc800000)
 Metaspace       used 89394K, capacity 93396K, committed 93568K, reserved 1132544K
  class space    used 8150K, capacity 9503K, committed 9600K, reserved 1048576K
}
Event: 5671.342 GC heap after
{Heap after GC invocations=3286 (full 89):
 PSYoungGen      total 29696K, used 10725K [0x00000000eab00000, 0x00000000edb80000, 0x0000000100000000)
  eden space 18944K, 0% used [0x00000000eab00000,0x00000000eab00000,0x00000000ebd80000)
  from space 10752K, 99% used [0x00000000ebd80000,0x00000000ec7f9420,0x00000000ec800000)
  to   space 15360K, 0% used [0x00000000ecc80000,0x00000000ecc80000,0x00000000edb80000)
 ParOldGen       total 204800K, used 193090K [0x00000000c0000000, 0x00000000cc800000, 0x00000000eab00000)
  object space 204800K, 94% used [0x00000000c0000000,0x00000000cbc90ad8,0x00000000cc800000)
 Metaspace       used 89394K, capacity 93396K, committed 93568K, reserved 1132544K
  class space    used 8150K, capacity 9503K, committed 9600K, reserved 1048576K
}
Event: 5671.708 GC heap before
{Heap before GC invocations=3287 (full 89):
 PSYoungGen      total 29696K, used 29669K [0x00000000eab00000, 0x00000000edb80000, 0x0000000100000000)
  eden space 18944K, 100% used [0x00000000eab00000,0x00000000ebd80000,0x00000000ebd80000)
  from space 10752K, 99% used [0x00000000ebd80000,0x00000000ec7f9420,0x00000000ec800000)
  to   space 15360K, 0% used [0x00000000ecc80000,0x00000000ecc80000,0x00000000edb80000)
 ParOldGen       total 204800K, used 193090K [0x00000000c0000000, 0x00000000cc800000, 0x00000000eab00000)
  object space 204800K, 94% used [0x00000000c0000000,0x00000000cbc90ad8,0x00000000cc800000)
 Metaspace       used 89417K, capacity 93460K, committed 93568K, reserved 1132544K
  class space    used 8150K, capacity 9503K, committed 9600K, reserved 1048576K
}
Event: 5671.728 GC heap after
{Heap after GC invocations=3287 (full 89):
 PSYoungGen      total 28160K, used 8727K [0x00000000eab00000, 0x00000000ed580000, 0x0000000100000000)
  eden space 18944K, 0% used [0x00000000eab00000,0x00000000eab00000,0x00000000ebd80000)
  from space 9216K, 94% used [0x00000000ecc80000,0x00000000ed505c90,0x00000000ed580000)
  to   space 10752K, 0% used [0x00000000ec080000,0x00000000ec080000,0x00000000ecb00000)
 ParOldGen       total 204800K, used 203716K [0x00000000c0000000, 0x00000000cc800000, 0x00000000eab00000)
  object space 204800K, 99% used [0x00000000c0000000,0x00000000cc6f1320,0x00000000cc800000)
 Metaspace       used 89417K, capacity 93460K, committed 93568K, reserved 1132544K
  class space    used 8150K, capacity 9503K, committed 9600K, reserved 1048576K
}
Event: 5671.728 GC heap before
{Heap before GC invocations=3288 (full 90):
 PSYoungGen      total 28160K, used 8727K [0x00000000eab00000, 0x00000000ed580000, 0x0000000100000000)
  eden space 18944K, 0% used [0x00000000eab00000,0x00000000eab00000,0x00000000ebd80000)
  from space 9216K, 94% used [0x00000000ecc80000,0x00000000ed505c90,0x00000000ed580000)
  to   space 10752K, 0% used [0x00000000ec080000,0x00000000ec080000,0x00000000ecb00000)
 ParOldGen       total 204800K, used 203716K [0x00000000c0000000, 0x00000000cc800000, 0x00000000eab00000)
  object space 204800K, 99% used [0x00000000c0000000,0x00000000cc6f1320,0x00000000cc800000)
 Metaspace       used 89417K, capacity 93460K, committed 93568K, reserved 1132544K
  class space    used 8150K, capacity 9503K, committed 9600K, reserved 1048576K
}

